<?xml version="1.0" encoding="UTF-8"?>
<!-- Generated by org.testng.reporters.JUnitXMLReporter -->
<testsuite ignored="1" hostname="RKPs-MacBook-Air.local" failures="0" tests="5" name="login" time="0.035" errors="0" timestamp="2022-10-20T07:43:01 IST">
  <testcase classname="test.day3" name="Weblogin" time="0.001"/>
  <testcase classname="test.day3" name="mobilelogin" time="0.006"/>
  <testcase classname="test.day4" name="bus" time="0.002"/>
  <testcase classname="test.day4" name="car" time="0.001"/>
  <testcase classname="test.day4" name="train" time="0.006"/>
  <testcase classname="test.day3" name="IVRlogin" time="0.0">
    <ignored/>
  </testcase> <!-- IVRlogin -->
</testsuite> <!-- login -->
